-------------------------------------------------------------------------------
Test set: org.codeart.test.RedisTest
-------------------------------------------------------------------------------
Tests run: 1, Failures: 0, Errors: 1, Skipped: 0, Time elapsed: 4.688 s <<< FAILURE! - in org.codeart.test.RedisTest
testGet  Time elapsed: 1.631 s  <<< ERROR!
io.lettuce.core.RedisConnectionException: Unable to connect to 127.0.0.1/<unresolved>:6379
	at org.codeart.test.RedisTest.testGet(RedisTest.java:27)
Caused by: io.netty.channel.AbstractChannel$AnnotatedConnectException: Connection refused: getsockopt: /127.0.0.1:6379
Caused by: java.net.ConnectException: Connection refused: getsockopt

